<?xml version="1.0" encoding="UTF-8"?>
<testsuite xmlns:xsi="http://www.w3.org/2001/XMLSchema-instance" xsi:noNamespaceSchemaLocation="https://maven.apache.org/surefire/maven-surefire-plugin/xsd/surefire-test-report.xsd" name="com.example.servicescore.ServicesCoreApplicationTests" time="2.658" tests="1" errors="0" skipped="0" failures="0">
  <properties>
    <property name="sun.desktop" value="windows"/>
    <property name="awt.toolkit" value="sun.awt.windows.WToolkit"/>
    <property name="file.encoding.pkg" value="sun.io"/>
    <property name="java.specification.version" value="1.8"/>
    <property name="sun.cpu.isalist" value="amd64"/>
    <property name="sun.jnu.encoding" value="GBK"/>
    <property name="java.class.path" value="D:\work\springcloud-demo\services-core\target\test-classes;D:\work\springcloud-demo\services-core\target\classes;D:\mvnSpace\org\springframework\boot\spring-boot-starter-web\2.2.2.RELEASE\spring-boot-starter-web-2.2.2.RELEASE.jar;D:\mvnSpace\org\springframework\boot\spring-boot-starter\2.2.2.RELEASE\spring-boot-starter-2.2.2.RELEASE.jar;D:\mvnSpace\org\springframework\boot\spring-boot\2.2.2.RELEASE\spring-boot-2.2.2.RELEASE.jar;D:\mvnSpace\org\springframework\boot\spring-boot-autoconfigure\2.2.2.RELEASE\spring-boot-autoconfigure-2.2.2.RELEASE.jar;D:\mvnSpace\org\springframework\boot\spring-boot-starter-logging\2.2.2.RELEASE\spring-boot-starter-logging-2.2.2.RELEASE.jar;D:\mvnSpace\ch\qos\logback\logback-classic\1.2.3\logback-classic-1.2.3.jar;D:\mvnSpace\ch\qos\logback\logback-core\1.2.3\logback-core-1.2.3.jar;D:\mvnSpace\org\apache\logging\log4j\log4j-to-slf4j\2.12.1\log4j-to-slf4j-2.12.1.jar;D:\mvnSpace\org\apache\logging\log4j\log4j-api\2.12.1\log4j-api-2.12.1.jar;D:\mvnSpace\org\slf4j\jul-to-slf4j\1.7.29\jul-to-slf4j-1.7.29.jar;D:\mvnSpace\jakarta\annotation\jakarta.annotation-api\1.3.5\jakarta.annotation-api-1.3.5.jar;D:\mvnSpace\org\yaml\snakeyaml\1.25\snakeyaml-1.25.jar;D:\mvnSpace\org\springframework\boot\spring-boot-starter-json\2.2.2.RELEASE\spring-boot-starter-json-2.2.2.RELEASE.jar;D:\mvnSpace\com\fasterxml\jackson\core\jackson-databind\2.10.1\jackson-databind-2.10.1.jar;D:\mvnSpace\com\fasterxml\jackson\core\jackson-core\2.10.1\jackson-core-2.10.1.jar;D:\mvnSpace\com\fasterxml\jackson\datatype\jackson-datatype-jdk8\2.10.1\jackson-datatype-jdk8-2.10.1.jar;D:\mvnSpace\com\fasterxml\jackson\datatype\jackson-datatype-jsr310\2.10.1\jackson-datatype-jsr310-2.10.1.jar;D:\mvnSpace\com\fasterxml\jackson\module\jackson-module-parameter-names\2.10.1\jackson-module-parameter-names-2.10.1.jar;D:\mvnSpace\org\springframework\boot\spring-boot-starter-tomcat\2.2.2.RELEASE\spring-boot-starter-tomcat-2.2.2.RELEASE.jar;D:\mvnSpace\org\apache\tomcat\embed\tomcat-embed-core\9.0.29\tomcat-embed-core-9.0.29.jar;D:\mvnSpace\org\apache\tomcat\embed\tomcat-embed-el\9.0.29\tomcat-embed-el-9.0.29.jar;D:\mvnSpace\org\apache\tomcat\embed\tomcat-embed-websocket\9.0.29\tomcat-embed-websocket-9.0.29.jar;D:\mvnSpace\org\springframework\boot\spring-boot-starter-validation\2.2.2.RELEASE\spring-boot-starter-validation-2.2.2.RELEASE.jar;D:\mvnSpace\jakarta\validation\jakarta.validation-api\2.0.1\jakarta.validation-api-2.0.1.jar;D:\mvnSpace\org\hibernate\validator\hibernate-validator\6.0.18.Final\hibernate-validator-6.0.18.Final.jar;D:\mvnSpace\org\jboss\logging\jboss-logging\3.4.1.Final\jboss-logging-3.4.1.Final.jar;D:\mvnSpace\org\springframework\spring-web\5.2.2.RELEASE\spring-web-5.2.2.RELEASE.jar;D:\mvnSpace\org\springframework\spring-beans\5.2.2.RELEASE\spring-beans-5.2.2.RELEASE.jar;D:\mvnSpace\org\springframework\spring-webmvc\5.2.2.RELEASE\spring-webmvc-5.2.2.RELEASE.jar;D:\mvnSpace\org\springframework\spring-aop\5.2.2.RELEASE\spring-aop-5.2.2.RELEASE.jar;D:\mvnSpace\org\springframework\spring-context\5.2.2.RELEASE\spring-context-5.2.2.RELEASE.jar;D:\mvnSpace\org\springframework\spring-expression\5.2.2.RELEASE\spring-expression-5.2.2.RELEASE.jar;D:\mvnSpace\org\projectlombok\lombok\1.18.10\lombok-1.18.10.jar;D:\mvnSpace\io\springfox\springfox-swagger2\2.9.2\springfox-swagger2-2.9.2.jar;D:\mvnSpace\io\swagger\swagger-annotations\1.5.20\swagger-annotations-1.5.20.jar;D:\mvnSpace\io\swagger\swagger-models\1.5.20\swagger-models-1.5.20.jar;D:\mvnSpace\com\fasterxml\jackson\core\jackson-annotations\2.10.1\jackson-annotations-2.10.1.jar;D:\mvnSpace\io\springfox\springfox-spi\2.9.2\springfox-spi-2.9.2.jar;D:\mvnSpace\io\springfox\springfox-core\2.9.2\springfox-core-2.9.2.jar;D:\mvnSpace\io\springfox\springfox-schema\2.9.2\springfox-schema-2.9.2.jar;D:\mvnSpace\io\springfox\springfox-swagger-common\2.9.2\springfox-swagger-common-2.9.2.jar;D:\mvnSpace\io\springfox\springfox-spring-web\2.9.2\springfox-spring-web-2.9.2.jar;D:\mvnSpace\com\google\guava\guava\20.0\guava-20.0.jar;D:\mvnSpace\com\fasterxml\classmate\1.5.1\classmate-1.5.1.jar;D:\mvnSpace\org\slf4j\slf4j-api\1.7.29\slf4j-api-1.7.29.jar;D:\mvnSpace\org\springframework\plugin\spring-plugin-core\1.2.0.RELEASE\spring-plugin-core-1.2.0.RELEASE.jar;D:\mvnSpace\org\springframework\plugin\spring-plugin-metadata\1.2.0.RELEASE\spring-plugin-metadata-1.2.0.RELEASE.jar;D:\mvnSpace\org\mapstruct\mapstruct\1.2.0.Final\mapstruct-1.2.0.Final.jar;D:\mvnSpace\io\springfox\springfox-swagger-ui\2.9.2\springfox-swagger-ui-2.9.2.jar;D:\mvnSpace\org\springframework\boot\spring-boot-starter-test\2.2.2.RELEASE\spring-boot-starter-test-2.2.2.RELEASE.jar;D:\mvnSpace\org\springframework\boot\spring-boot-test\2.2.2.RELEASE\spring-boot-test-2.2.2.RELEASE.jar;D:\mvnSpace\org\springframework\boot\spring-boot-test-autoconfigure\2.2.2.RELEASE\spring-boot-test-autoconfigure-2.2.2.RELEASE.jar;D:\mvnSpace\com\jayway\jsonpath\json-path\2.4.0\json-path-2.4.0.jar;D:\mvnSpace\net\minidev\json-smart\2.3\json-smart-2.3.jar;D:\mvnSpace\net\minidev\accessors-smart\1.2\accessors-smart-1.2.jar;D:\mvnSpace\org\ow2\asm\asm\5.0.4\asm-5.0.4.jar;D:\mvnSpace\jakarta\xml\bind\jakarta.xml.bind-api\2.3.2\jakarta.xml.bind-api-2.3.2.jar;D:\mvnSpace\jakarta\activation\jakarta.activation-api\1.2.1\jakarta.activation-api-1.2.1.jar;D:\mvnSpace\org\junit\jupiter\junit-jupiter\5.5.2\junit-jupiter-5.5.2.jar;D:\mvnSpace\org\junit\jupiter\junit-jupiter-api\5.5.2\junit-jupiter-api-5.5.2.jar;D:\mvnSpace\org\apiguardian\apiguardian-api\1.1.0\apiguardian-api-1.1.0.jar;D:\mvnSpace\org\opentest4j\opentest4j\1.2.0\opentest4j-1.2.0.jar;D:\mvnSpace\org\junit\platform\junit-platform-commons\1.5.2\junit-platform-commons-1.5.2.jar;D:\mvnSpace\org\junit\jupiter\junit-jupiter-params\5.5.2\junit-jupiter-params-5.5.2.jar;D:\mvnSpace\org\junit\jupiter\junit-jupiter-engine\5.5.2\junit-jupiter-engine-5.5.2.jar;D:\mvnSpace\org\junit\platform\junit-platform-engine\1.5.2\junit-platform-engine-1.5.2.jar;D:\mvnSpace\org\mockito\mockito-junit-jupiter\3.1.0\mockito-junit-jupiter-3.1.0.jar;D:\mvnSpace\org\assertj\assertj-core\3.13.2\assertj-core-3.13.2.jar;D:\mvnSpace\org\hamcrest\hamcrest\2.1\hamcrest-2.1.jar;D:\mvnSpace\org\mockito\mockito-core\3.1.0\mockito-core-3.1.0.jar;D:\mvnSpace\net\bytebuddy\byte-buddy\1.10.4\byte-buddy-1.10.4.jar;D:\mvnSpace\net\bytebuddy\byte-buddy-agent\1.10.4\byte-buddy-agent-1.10.4.jar;D:\mvnSpace\org\objenesis\objenesis\2.6\objenesis-2.6.jar;D:\mvnSpace\org\skyscreamer\jsonassert\1.5.0\jsonassert-1.5.0.jar;D:\mvnSpace\com\vaadin\external\google\android-json\0.0.20131108.vaadin1\android-json-0.0.20131108.vaadin1.jar;D:\mvnSpace\org\springframework\spring-core\5.2.2.RELEASE\spring-core-5.2.2.RELEASE.jar;D:\mvnSpace\org\springframework\spring-jcl\5.2.2.RELEASE\spring-jcl-5.2.2.RELEASE.jar;D:\mvnSpace\org\springframework\spring-test\5.2.2.RELEASE\spring-test-5.2.2.RELEASE.jar;D:\mvnSpace\org\xmlunit\xmlunit-core\2.6.3\xmlunit-core-2.6.3.jar;"/>
    <property name="java.vm.vendor" value="Oracle Corporation"/>
    <property name="sun.arch.data.model" value="64"/>
    <property name="user.variant" value=""/>
    <property name="java.vendor.url" value="http://java.oracle.com/"/>
    <property name="user.timezone" value="Asia/Shanghai"/>
    <property name="java.vm.specification.version" value="1.8"/>
    <property name="os.name" value="Windows 8.1"/>
    <property name="user.country" value="CN"/>
    <property name="sun.java.launcher" value="SUN_STANDARD"/>
    <property name="sun.boot.library.path" value="C:\Java\jdk1.8.0\jre\bin"/>
    <property name="sun.java.command" value="C:\Users\cowboy\AppData\Local\Temp\surefire8514851875010139258\surefirebooter5607521956168961019.jar C:\Users\cowboy\AppData\Local\Temp\surefire8514851875010139258 2020-01-14T16-42-15_573-jvmRun1 surefire8119793151699078861tmp surefire_04519646138216455601tmp"/>
    <property name="surefire.test.class.path" value="D:\work\springcloud-demo\services-core\target\test-classes;D:\work\springcloud-demo\services-core\target\classes;D:\mvnSpace\org\springframework\boot\spring-boot-starter-web\2.2.2.RELEASE\spring-boot-starter-web-2.2.2.RELEASE.jar;D:\mvnSpace\org\springframework\boot\spring-boot-starter\2.2.2.RELEASE\spring-boot-starter-2.2.2.RELEASE.jar;D:\mvnSpace\org\springframework\boot\spring-boot\2.2.2.RELEASE\spring-boot-2.2.2.RELEASE.jar;D:\mvnSpace\org\springframework\boot\spring-boot-autoconfigure\2.2.2.RELEASE\spring-boot-autoconfigure-2.2.2.RELEASE.jar;D:\mvnSpace\org\springframework\boot\spring-boot-starter-logging\2.2.2.RELEASE\spring-boot-starter-logging-2.2.2.RELEASE.jar;D:\mvnSpace\ch\qos\logback\logback-classic\1.2.3\logback-classic-1.2.3.jar;D:\mvnSpace\ch\qos\logback\logback-core\1.2.3\logback-core-1.2.3.jar;D:\mvnSpace\org\apache\logging\log4j\log4j-to-slf4j\2.12.1\log4j-to-slf4j-2.12.1.jar;D:\mvnSpace\org\apache\logging\log4j\log4j-api\2.12.1\log4j-api-2.12.1.jar;D:\mvnSpace\org\slf4j\jul-to-slf4j\1.7.29\jul-to-slf4j-1.7.29.jar;D:\mvnSpace\jakarta\annotation\jakarta.annotation-api\1.3.5\jakarta.annotation-api-1.3.5.jar;D:\mvnSpace\org\yaml\snakeyaml\1.25\snakeyaml-1.25.jar;D:\mvnSpace\org\springframework\boot\spring-boot-starter-json\2.2.2.RELEASE\spring-boot-starter-json-2.2.2.RELEASE.jar;D:\mvnSpace\com\fasterxml\jackson\core\jackson-databind\2.10.1\jackson-databind-2.10.1.jar;D:\mvnSpace\com\fasterxml\jackson\core\jackson-core\2.10.1\jackson-core-2.10.1.jar;D:\mvnSpace\com\fasterxml\jackson\datatype\jackson-datatype-jdk8\2.10.1\jackson-datatype-jdk8-2.10.1.jar;D:\mvnSpace\com\fasterxml\jackson\datatype\jackson-datatype-jsr310\2.10.1\jackson-datatype-jsr310-2.10.1.jar;D:\mvnSpace\com\fasterxml\jackson\module\jackson-module-parameter-names\2.10.1\jackson-module-parameter-names-2.10.1.jar;D:\mvnSpace\org\springframework\boot\spring-boot-starter-tomcat\2.2.2.RELEASE\spring-boot-starter-tomcat-2.2.2.RELEASE.jar;D:\mvnSpace\org\apache\tomcat\embed\tomcat-embed-core\9.0.29\tomcat-embed-core-9.0.29.jar;D:\mvnSpace\org\apache\tomcat\embed\tomcat-embed-el\9.0.29\tomcat-embed-el-9.0.29.jar;D:\mvnSpace\org\apache\tomcat\embed\tomcat-embed-websocket\9.0.29\tomcat-embed-websocket-9.0.29.jar;D:\mvnSpace\org\springframework\boot\spring-boot-starter-validation\2.2.2.RELEASE\spring-boot-starter-validation-2.2.2.RELEASE.jar;D:\mvnSpace\jakarta\validation\jakarta.validation-api\2.0.1\jakarta.validation-api-2.0.1.jar;D:\mvnSpace\org\hibernate\validator\hibernate-validator\6.0.18.Final\hibernate-validator-6.0.18.Final.jar;D:\mvnSpace\org\jboss\logging\jboss-logging\3.4.1.Final\jboss-logging-3.4.1.Final.jar;D:\mvnSpace\org\springframework\spring-web\5.2.2.RELEASE\spring-web-5.2.2.RELEASE.jar;D:\mvnSpace\org\springframework\spring-beans\5.2.2.RELEASE\spring-beans-5.2.2.RELEASE.jar;D:\mvnSpace\org\springframework\spring-webmvc\5.2.2.RELEASE\spring-webmvc-5.2.2.RELEASE.jar;D:\mvnSpace\org\springframework\spring-aop\5.2.2.RELEASE\spring-aop-5.2.2.RELEASE.jar;D:\mvnSpace\org\springframework\spring-context\5.2.2.RELEASE\spring-context-5.2.2.RELEASE.jar;D:\mvnSpace\org\springframework\spring-expression\5.2.2.RELEASE\spring-expression-5.2.2.RELEASE.jar;D:\mvnSpace\org\projectlombok\lombok\1.18.10\lombok-1.18.10.jar;D:\mvnSpace\io\springfox\springfox-swagger2\2.9.2\springfox-swagger2-2.9.2.jar;D:\mvnSpace\io\swagger\swagger-annotations\1.5.20\swagger-annotations-1.5.20.jar;D:\mvnSpace\io\swagger\swagger-models\1.5.20\swagger-models-1.5.20.jar;D:\mvnSpace\com\fasterxml\jackson\core\jackson-annotations\2.10.1\jackson-annotations-2.10.1.jar;D:\mvnSpace\io\springfox\springfox-spi\2.9.2\springfox-spi-2.9.2.jar;D:\mvnSpace\io\springfox\springfox-core\2.9.2\springfox-core-2.9.2.jar;D:\mvnSpace\io\springfox\springfox-schema\2.9.2\springfox-schema-2.9.2.jar;D:\mvnSpace\io\springfox\springfox-swagger-common\2.9.2\springfox-swagger-common-2.9.2.jar;D:\mvnSpace\io\springfox\springfox-spring-web\2.9.2\springfox-spring-web-2.9.2.jar;D:\mvnSpace\com\google\guava\guava\20.0\guava-20.0.jar;D:\mvnSpace\com\fasterxml\classmate\1.5.1\classmate-1.5.1.jar;D:\mvnSpace\org\slf4j\slf4j-api\1.7.29\slf4j-api-1.7.29.jar;D:\mvnSpace\org\springframework\plugin\spring-plugin-core\1.2.0.RELEASE\spring-plugin-core-1.2.0.RELEASE.jar;D:\mvnSpace\org\springframework\plugin\spring-plugin-metadata\1.2.0.RELEASE\spring-plugin-metadata-1.2.0.RELEASE.jar;D:\mvnSpace\org\mapstruct\mapstruct\1.2.0.Final\mapstruct-1.2.0.Final.jar;D:\mvnSpace\io\springfox\springfox-swagger-ui\2.9.2\springfox-swagger-ui-2.9.2.jar;D:\mvnSpace\org\springframework\boot\spring-boot-starter-test\2.2.2.RELEASE\spring-boot-starter-test-2.2.2.RELEASE.jar;D:\mvnSpace\org\springframework\boot\spring-boot-test\2.2.2.RELEASE\spring-boot-test-2.2.2.RELEASE.jar;D:\mvnSpace\org\springframework\boot\spring-boot-test-autoconfigure\2.2.2.RELEASE\spring-boot-test-autoconfigure-2.2.2.RELEASE.jar;D:\mvnSpace\com\jayway\jsonpath\json-path\2.4.0\json-path-2.4.0.jar;D:\mvnSpace\net\minidev\json-smart\2.3\json-smart-2.3.jar;D:\mvnSpace\net\minidev\accessors-smart\1.2\accessors-smart-1.2.jar;D:\mvnSpace\org\ow2\asm\asm\5.0.4\asm-5.0.4.jar;D:\mvnSpace\jakarta\xml\bind\jakarta.xml.bind-api\2.3.2\jakarta.xml.bind-api-2.3.2.jar;D:\mvnSpace\jakarta\activation\jakarta.activation-api\1.2.1\jakarta.activation-api-1.2.1.jar;D:\mvnSpace\org\junit\jupiter\junit-jupiter\5.5.2\junit-jupiter-5.5.2.jar;D:\mvnSpace\org\junit\jupiter\junit-jupiter-api\5.5.2\junit-jupiter-api-5.5.2.jar;D:\mvnSpace\org\apiguardian\apiguardian-api\1.1.0\apiguardian-api-1.1.0.jar;D:\mvnSpace\org\opentest4j\opentest4j\1.2.0\opentest4j-1.2.0.jar;D:\mvnSpace\org\junit\platform\junit-platform-commons\1.5.2\junit-platform-commons-1.5.2.jar;D:\mvnSpace\org\junit\jupiter\junit-jupiter-params\5.5.2\junit-jupiter-params-5.5.2.jar;D:\mvnSpace\org\junit\jupiter\junit-jupiter-engine\5.5.2\junit-jupiter-engine-5.5.2.jar;D:\mvnSpace\org\junit\platform\junit-platform-engine\1.5.2\junit-platform-engine-1.5.2.jar;D:\mvnSpace\org\mockito\mockito-junit-jupiter\3.1.0\mockito-junit-jupiter-3.1.0.jar;D:\mvnSpace\org\assertj\assertj-core\3.13.2\assertj-core-3.13.2.jar;D:\mvnSpace\org\hamcrest\hamcrest\2.1\hamcrest-2.1.jar;D:\mvnSpace\org\mockito\mockito-core\3.1.0\mockito-core-3.1.0.jar;D:\mvnSpace\net\bytebuddy\byte-buddy\1.10.4\byte-buddy-1.10.4.jar;D:\mvnSpace\net\bytebuddy\byte-buddy-agent\1.10.4\byte-buddy-agent-1.10.4.jar;D:\mvnSpace\org\objenesis\objenesis\2.6\objenesis-2.6.jar;D:\mvnSpace\org\skyscreamer\jsonassert\1.5.0\jsonassert-1.5.0.jar;D:\mvnSpace\com\vaadin\external\google\android-json\0.0.20131108.vaadin1\android-json-0.0.20131108.vaadin1.jar;D:\mvnSpace\org\springframework\spring-core\5.2.2.RELEASE\spring-core-5.2.2.RELEASE.jar;D:\mvnSpace\org\springframework\spring-jcl\5.2.2.RELEASE\spring-jcl-5.2.2.RELEASE.jar;D:\mvnSpace\org\springframework\spring-test\5.2.2.RELEASE\spring-test-5.2.2.RELEASE.jar;D:\mvnSpace\org\xmlunit\xmlunit-core\2.6.3\xmlunit-core-2.6.3.jar;"/>
    <property name="sun.cpu.endian" value="little"/>
    <property name="user.home" value="C:\Users\cowboy"/>
    <property name="user.language" value="zh"/>
    <property name="java.specification.vendor" value="Oracle Corporation"/>
    <property name="java.home" value="C:\Java\jdk1.8.0\jre"/>
    <property name="basedir" value="D:\work\springcloud-demo\services-core"/>
    <property name="file.separator" value="\"/>
    <property name="line.separator" value="&#10;"/>
    <property name="java.vm.specification.vendor" value="Oracle Corporation"/>
    <property name="java.specification.name" value="Java Platform API Specification"/>
    <property name="java.awt.graphicsenv" value="sun.awt.Win32GraphicsEnvironment"/>
    <property name="surefire.real.class.path" value="C:\Users\cowboy\AppData\Local\Temp\surefire8514851875010139258\surefirebooter5607521956168961019.jar"/>
    <property name="sun.boot.class.path" value="C:\Java\jdk1.8.0\jre\lib\resources.jar;C:\Java\jdk1.8.0\jre\lib\rt.jar;C:\Java\jdk1.8.0\jre\lib\sunrsasign.jar;C:\Java\jdk1.8.0\jre\lib\jsse.jar;C:\Java\jdk1.8.0\jre\lib\jce.jar;C:\Java\jdk1.8.0\jre\lib\charsets.jar;C:\Java\jdk1.8.0\jre\lib\jfr.jar;C:\Java\jdk1.8.0\jre\classes"/>
    <property name="user.script" value=""/>
    <property name="sun.management.compiler" value="HotSpot 64-Bit Tiered Compilers"/>
    <property name="java.runtime.version" value="1.8.0-b132"/>
    <property name="user.name" value="cowwa"/>
    <property name="path.separator" value=";"/>
    <property name="os.version" value="6.3"/>
    <property name="java.endorsed.dirs" value="C:\Java\jdk1.8.0\jre\lib\endorsed"/>
    <property name="java.runtime.name" value="Java(TM) SE Runtime Environment"/>
    <property name="file.encoding" value="GBK"/>
    <property name="java.vm.name" value="Java HotSpot(TM) 64-Bit Server VM"/>
    <property name="localRepository" value="D:\mvnSpace"/>
    <property name="java.vendor.url.bug" value="http://bugreport.sun.com/bugreport/"/>
    <property name="java.io.tmpdir" value="C:\Users\cowboy\AppData\Local\Temp\"/>
    <property name="idea.version" value="2017.2.7"/>
    <property name="java.version" value="1.8.0"/>
    <property name="user.dir" value="D:\work\springcloud-demo\services-core"/>
    <property name="os.arch" value="amd64"/>
    <property name="java.vm.specification.name" value="Java Virtual Machine Specification"/>
    <property name="java.awt.printerjob" value="sun.awt.windows.WPrinterJob"/>
    <property name="sun.os.patch.level" value=""/>
    <property name="java.library.path" value="C:\Java\jdk1.8.0\jre\bin;C:\WINDOWS\Sun\Java\bin;C:\WINDOWS\system32;C:\WINDOWS;C:\Program Files (x86)\NetSarang\Xlpd 6\;C:\Program Files (x86)\NetSarang\Xftp 6\;C:\Program Files (x86)\NetSarang\Xmanager 6\;C:\Program Files (x86)\NetSarang\Xshell 6\;D:\app\cowboy\product\11.2.0\dbhome_2\bin;C:\Perl64\site\bin;C:\Perl64\bin;C:\WINDOWS\system32;C:\WINDOWS;C:\WINDOWS\System32\Wbem;C:\WINDOWS\System32\WindowsPowerShell\v1.0\;C:\Program Files\TortoiseSVN\bin;&quot;“;;JAVA_HOME%\bin;C:\Java\jdk1.8.0\jre\bin&quot;;C:\Program Files\Git\cmd;C:\WINDOWS\System32\OpenSSH\;C:\Windows\System32\cmd.exe;D:\neo4j-community-3.5.6\bin;C:\Python2;C:\nodejs\;C:\Yarn\bin;C:\Program Files\Pandoc\;C:\Users\cowboy\AppData\Local\Microsoft\WindowsApps;C:\Program Files (x86)\IDM Computer Solutions\UltraEdit\;C:\Program Files (x86)\Microsoft VS Code\bin;C:\Users\cowboy\AppData\Roaming\npm;C:\Users\cowboy\AppData\Local\Yarn\.bin;C:\Program Files\Bandizip\;."/>
    <property name="java.vm.info" value="mixed mode"/>
    <property name="java.vendor" value="Oracle Corporation"/>
    <property name="java.vm.version" value="25.0-b70"/>
    <property name="java.ext.dirs" value="C:\Java\jdk1.8.0\jre\lib\ext;C:\WINDOWS\Sun\Java\lib\ext"/>
    <property name="sun.io.unicode.encoding" value="UnicodeLittle"/>
    <property name="java.class.version" value="52.0"/>
  </properties>
  <testcase name="contextLoads" classname="com.example.servicescore.ServicesCoreApplicationTests" time="0.264"/>
</testsuite>